Arguments: 
  C:\Program Files\nodejs\node.exe C:\Program Files (x86)\Yarn\bin\yarn.js install

PATH: 
  C:\ProgramData\Oracle\Java\javapath;C:\WINDOWS\system32;C:\WINDOWS;C:\WINDOWS\System32\Wbem;C:\WINDOWS\System32\WindowsPowerShell\v1.0\;C:\Program Files\WIDCOMM\Bluetooth Software\;C:\Program Files\WIDCOMM\Bluetooth Software\syswow64;C:\Program Files\Git\cmd;C:\xampp\php;C:\ProgramData\ComposerSetup\bin;C:\WINDOWS\System32\OpenSSH\;C:\Program Files\nodejs\;C:\Program Files (x86)\Yarn\bin\;C:\Python36\Scripts\;C:\Python36\;C:\Users\Bruna Lemos\AppData\Local\Programs\Microsoft VS Code\bin;C:\Users\Bruna Lemos\AppData\Roaming\Composer\vendor\bin;C:\Users\Bruna Lemos\AppData\Local\Microsoft\WindowsApps;C:\Users\Bruna Lemos\AppData\Roaming\npm;C:\Users\Bruna Lemos\AppData\Local\Yarn\bin

Yarn version: 
  1.16.0

Node version: 
  10.16.0

Platform: 
  win32 x64

Trace: 
  Error: https://registry.yarnpkg.com/@material-ui/icons/-/icons-4.2.1.tgz: ESOCKETTIMEDOUT
      at ClientRequest.<anonymous> (C:\Program Files (x86)\Yarn\lib\cli.js:130217:19)
      at Object.onceWrapper (events.js:286:20)
      at ClientRequest.emit (events.js:198:13)
      at TLSSocket.emitRequestTimeout (_http_client.js:662:40)
      at Object.onceWrapper (events.js:286:20)
      at TLSSocket.emit (events.js:198:13)
      at TLSSocket.Socket._onTimeout (net.js:442:8)
      at ontimeout (timers.js:436:11)
      at tryOnTimeout (timers.js:300:5)
      at listOnTimeout (timers.js:263:5)

npm manifest: 
  {
    "name": "spa_patrimonio",
    "version": "4.0.0",
    "private": true,
    "scripts": {
      "start": "SKIP_PREFLIGHT_CHECK=true react-scripts start",
      "build": "react-scripts build",
      "test": "react-scripts test",
      "eject": "react-scripts eject"
    },
    "dependencies": {
      "@material-ui/core": "^4.1.3",
      "@material-ui/icons": "^4.0.1",
      "clsx": "latest",
      "react": "^16.8.6",
      "react-dom": "^16.8.6",
      "react-router": "^5.0.1",
      "react-router-dom": "^5.0.1",
      "react-scripts": "latest"
    },
    "browserslist": {
      "production": [
        ">0.2%",
        "not dead",
        "not op_mini all"
      ],
      "development": [
        "last 1 chrome version",
        "last 1 firefox version",
        "last 1 safari version"
      ]
    },
    "devDependencies": {
      
    }
  }

yarn manifest: 
  No manifest

Lockfile: 
  No lockfile
